Crashlog created at 2014-05-15 14:45:30 +0200

===== MESSAGE:

NoMethodError: undefined method `merge' for nil:NilClass

===== COMPILATION STACK:

  - [item]   / (rep default)

===== STACK TRACE:

  0. /home/snuck/.rvm/gems/ruby-1.9.3-p362/gems/nanoc-3.6.11/lib/nanoc/base/compilation/item_rep_proxy.rb:67:in `layout'
  1. /home/snuck/.rvm/gems/ruby-1.9.3-p362/gems/nanoc-3.6.11/lib/nanoc/base/compilation/rule_context.rb:74:in `layout'
  2. ./Rules:28:in `block in load'
  3. /home/snuck/.rvm/gems/ruby-1.9.3-p362/gems/nanoc-3.6.11/lib/nanoc/base/compilation/rule.rb:70:in `instance_eval'
  4. /home/snuck/.rvm/gems/ruby-1.9.3-p362/gems/nanoc-3.6.11/lib/nanoc/base/compilation/rule.rb:70:in `apply_to'
  5. /home/snuck/.rvm/gems/ruby-1.9.3-p362/gems/nanoc-3.6.11/lib/nanoc/base/compilation/compiler.rb:385:in `compile_rep'
  6. /home/snuck/.rvm/gems/ruby-1.9.3-p362/gems/nanoc-3.6.11/lib/nanoc/base/compilation/compiler.rb:341:in `block in compile_reps'
  7. /home/snuck/.rvm/gems/ruby-1.9.3-p362/gems/nanoc-3.6.11/lib/nanoc/base/compilation/compiler.rb:334:in `loop'
  8. /home/snuck/.rvm/gems/ruby-1.9.3-p362/gems/nanoc-3.6.11/lib/nanoc/base/compilation/compiler.rb:334:in `compile_reps'
  9. /home/snuck/.rvm/gems/ruby-1.9.3-p362/gems/nanoc-3.6.11/lib/nanoc/base/compilation/compiler.rb:89:in `run'
  10. /home/snuck/.rvm/gems/ruby-1.9.3-p362/gems/nanoc-3.6.11/lib/nanoc/base/source_data/site.rb:58:in `compile'
  11. /home/snuck/.rvm/gems/ruby-1.9.3-p362/gems/nanoc-3.6.11/lib/nanoc/cli/commands/compile.rb:397:in `block in run'
  12. /home/snuck/.rvm/gems/ruby-1.9.3-p362/gems/nanoc-3.6.11/lib/nanoc/cli/commands/compile.rb:438:in `run_listeners_while'
  13. /home/snuck/.rvm/gems/ruby-1.9.3-p362/gems/nanoc-3.6.11/lib/nanoc/cli/commands/compile.rb:396:in `run'
  14. /home/snuck/.rvm/gems/ruby-1.9.3-p362/gems/nanoc-3.6.11/lib/nanoc/cli/command_runner.rb:14:in `block in call'
  15. /home/snuck/.rvm/gems/ruby-1.9.3-p362/gems/nanoc-3.6.11/lib/nanoc/cli/error_handler.rb:74:in `handle_while'
  16. /home/snuck/.rvm/gems/ruby-1.9.3-p362/gems/nanoc-3.6.11/lib/nanoc/cli/error_handler.rb:26:in `handle_while'
  17. /home/snuck/.rvm/gems/ruby-1.9.3-p362/gems/nanoc-3.6.11/lib/nanoc/cli/command_runner.rb:13:in `call'
  18. /home/snuck/.rvm/gems/ruby-1.9.3-p362/gems/cri-2.6.0/lib/cri/command_dsl.rb:223:in `block in runner'
  19. /home/snuck/.rvm/gems/ruby-1.9.3-p362/gems/cri-2.6.0/lib/cri/command.rb:298:in `call'
  20. /home/snuck/.rvm/gems/ruby-1.9.3-p362/gems/cri-2.6.0/lib/cri/command.rb:298:in `run_this'
  21. /home/snuck/.rvm/gems/ruby-1.9.3-p362/gems/cri-2.6.0/lib/cri/command.rb:251:in `run'
  22. /home/snuck/.rvm/gems/ruby-1.9.3-p362/gems/nanoc-3.6.11/lib/nanoc/cli/commands/nanoc.rb:39:in `block in define'
  23. /home/snuck/.rvm/gems/ruby-1.9.3-p362/gems/cri-2.6.0/lib/cri/command.rb:298:in `call'
  24. /home/snuck/.rvm/gems/ruby-1.9.3-p362/gems/cri-2.6.0/lib/cri/command.rb:298:in `run_this'
  25. /home/snuck/.rvm/gems/ruby-1.9.3-p362/gems/cri-2.6.0/lib/cri/command.rb:251:in `run'
  26. /home/snuck/.rvm/gems/ruby-1.9.3-p362/gems/nanoc-3.6.11/lib/nanoc/cli.rb:59:in `block in run'
  27. /home/snuck/.rvm/gems/ruby-1.9.3-p362/gems/nanoc-3.6.11/lib/nanoc/cli/error_handler.rb:74:in `handle_while'
  28. /home/snuck/.rvm/gems/ruby-1.9.3-p362/gems/nanoc-3.6.11/lib/nanoc/cli/error_handler.rb:26:in `handle_while'
  29. /home/snuck/.rvm/gems/ruby-1.9.3-p362/gems/nanoc-3.6.11/lib/nanoc/cli.rb:57:in `run'
  30. /home/snuck/.rvm/gems/ruby-1.9.3-p362/gems/nanoc-3.6.11/bin/nanoc:19:in `<top (required)>'
  31. /home/snuck/.rvm/gems/ruby-1.9.3-p362/bin/nanoc:23:in `load'
  32. /home/snuck/.rvm/gems/ruby-1.9.3-p362/bin/nanoc:23:in `<main>'
  33. /home/snuck/.rvm/gems/ruby-1.9.3-p362/bin/ruby_executable_hooks:15:in `eval'

===== VERSION INFORMATION:

nanoc 3.6.11 © 2007-2014 Denis Defreyne.
Running ruby 1.9.3 (2012-12-25) on x86_64-linux with RubyGems 2.2.2.

===== SYSTEM INFORMATION:

Linux t440s-snuck 3.10.37-1-MANJARO #1 SMP Mon Apr 14 20:56:29 UTC 2014 x86_64 GNU/Linux

===== INSTALLED GEMS:

  adsf 1.2.0
  bigdecimal 1.1.0
  blankslate 2.1.2.4
  bundler 1.5.3
  bundler-unload 1.0.2
  celluloid 0.16.0.pre
  celluloid-io 0.16.0.pre
  classifier 1.3.4
  coffee-script 2.2.0
  coffee-script-source 1.7.0
  colorator 0.1
  colored 1.2
  cri 2.6.0
  execjs 2.0.2
  executable-hooks 1.3.1
  facter 1.6.18
  fast-stemmer 1.0.2
  ffi 1.9.3
  gem-wrappers 1.2.4
  hiera 1.0.0
  hitimes 1.2.1
  io-console 0.3
  jekyll 2.0.3
  jekyll-coffeescript 1.0.0
  jekyll-sass-converter 1.0.0
  json 1.5.4, 1.8.0
  kramdown 1.3.3
  librarian-puppet 0.9.10
  liquid 2.5.5
  listen 2.7.4
  mercenary 0.3.3
  minitest 2.5.1
  nanoc 3.6.11
  nio4r 1.0.0
  parslet 1.5.0
  posix-spawn 0.3.8
  puppet 3.0.1
  pygments.rb 0.5.4
  rack 1.5.2
  rake 0.9.2.2
  rb-fsevent 0.9.4
  rb-inotify 0.9.4
  rdoc 3.9.4
  redcarpet 3.1.2
  rubygems-bundler 1.4.2
  rvm 1.11.3.9
  safe_yaml 1.0.3
  sass 3.3.7
  thor 0.18.1
  timers 2.0.0
  toml 0.1.1
  yajl-ruby 1.1.0

===== ENVIRONMENT:

AUTOJUMP_DATA_DIR => "/home/snuck/.local/share/autojump"
BROWSER => "/usr/bin/xdg-open"
COLORFGBG => "15;0"
DBUS_SESSION_BUS_ADDRESS => "unix:abstract=/tmp/dbus-BkxoYGoqTG,guid=8c9598326e6e155e3b5f5b5853689ab4"
DERBY_HOME => "/opt/java/db"
DESKTOP_SESSION => "kde-plasma"
DISPLAY => ":0"
DM_CONTROL => "/var/run/xdmctl"
EDITOR => "vim"
GEM_HOME => "/home/snuck/.rvm/gems/ruby-1.9.3-p362"
GEM_PATH => "/home/snuck/.rvm/gems/ruby-1.9.3-p362:/home/snuck/.rvm/gems/ruby-1.9.3-p362@global"
GIO_LAUNCHED_DESKTOP_FILE => "/usr/share/applications/kde4/yakuake.desktop"
GIO_LAUNCHED_DESKTOP_FILE_PID => "27060"
GPG_AGENT_INFO => "/tmp/gpg-ZENeRk/S.gpg-agent:2275:1"
GREP_COLOR => "1;32"
GREP_OPTIONS => "--color=auto --exclude-dir=.cvs --exclude-dir=.git --exclude-dir=.hg --exclude-dir=.svn"
GS_LIB => "/home/snuck/.fonts"
GTK2_RC_FILES => "/etc/gtk-2.0/gtkrc:/home/snuck/.gtkrc-2.0:/home/snuck/.kde4/share/config/gtkrc-2.0"
GTK_MODULES => "canberra-gtk-module"
GTK_RC_FILES => "/etc/gtk/gtkrc:/home/snuck/.gtkrc:/home/snuck/.kde4/share/config/gtkrc"
HOME => "/home/snuck"
IBUS_NO_SNOOPER_APPS => "synapse"
IRBRC => "/home/snuck/.rvm/rubies/ruby-1.9.3-p362/.irbrc"
J2REDIR => "/opt/java/jre"
J2SDKDIR => "/opt/java"
JAVA_HOME => "/opt/java"
KDE_FULL_SESSION => "true"
KDE_MULTIHEAD => "false"
KDE_SESSION_UID => "1000"
KDE_SESSION_VERSION => "4"
KONSOLE_DBUS_SERVICE => ":1.217"
KONSOLE_DBUS_SESSION => "/Sessions/15"
KONSOLE_PROFILE_NAME => "Solarized"
LANG => "en_US.UTF-8"
LANGUAGE => ""
LC_CTYPE => "en_US.utf8"
LC_MEASUREMENT => "en_US.UTF-8"
LC_MONETARY => "en_US.UTF-8"
LC_NUMERIC => "en_US.UTF-8"
LC_PAPER => "en_US.UTF-8"
LC_TIME => "en_US.UTF-8"
LESS => "-R"
LOGNAME => "snuck"
LSCOLORS => "Gxfxcxdxbxegedabagacad"
MAIL => "/var/spool/mail/snuck"
MOZ_PLUGIN_PATH => "/usr/lib/mozilla/plugins"
MY_RUBY_HOME => "/home/snuck/.rvm/rubies/ruby-1.9.3-p362"
OLDPWD => "/home/snuck"
PAGER => "less"
PATH => "/home/snuck/.rvm/gems/ruby-1.9.3-p362/bin:/home/snuck/.rvm/gems/ruby-1.9.3-p362@global/bin:/home/snuck/.rvm/rubies/ruby-1.9.3-p362/bin:/usr/local/sbin:/usr/local/bin:/usr/bin:/usr/bin/vendor_perl:/usr/bin/core_perl:/home/snuck/.bin:/home/snuck/.gem/ruby/2.1.0/bin:/home/snuck/.bin/gsutil:/home/snuck/.rvm/bin"
POWERLINE_COMMAND => "powerline"
PROFILEHOME => ""
PWD => "/home/snuck/websites/elag"
QT_PLUGIN_PATH => "/home/snuck/.kde4/lib/kde4/plugins/:/usr/lib/kde4/plugins/"
SESSION_MANAGER => "local/t440s-snuck:@/tmp/.ICE-unix/2340,unix/t440s-snuck:/tmp/.ICE-unix/2340"
SHELL => "/usr/bin/zsh"
SHELL_SESSION_ID => "f65a8af33057400095fd483163bcb94f"
SHLVL => "2"
SSH_ASKPASS => "/usr/lib/seahorse/seahorse-ssh-askpass"
TERM => "xterm-256color"
TERMINAL => "gnome-terminal"
USER => "snuck"
WINDOWID => "127926299"
WINDOWPATH => "7"
XCURSOR_SIZE => "0"
XCURSOR_THEME => "Oxygen_Zion"
XDG_CURRENT_DESKTOP => "KDE"
XDG_DATA_DIRS => "/usr/share:/usr/share:/usr/local/share"
XDG_RUNTIME_DIR => "/run/user/1000"
XDG_SEAT => "seat0"
XDG_SESSION_ID => "1"
XDG_VTNR => "7"
XDM_MANAGED => "method=classic"
_ => "/home/snuck/.rvm/gems/ruby-1.9.3-p362/bin/nanoc"
_ORIGINAL_GEM_PATH => "/home/snuck/.rvm/gems/ruby-1.9.3-p362:/home/snuck/.rvm/gems/ruby-1.9.3-p362@global"
_POWERLINE_DEFAULT_MODE => "emacs"
_POWERLINE_MODE => "emacs"
_system_arch => "x86_64"
_system_name => "Manjaro"
_system_type => "Linux"
_system_version => "0.8.9"
rvm_alias_expanded => ""
rvm_bin_path => "/home/snuck/.rvm/bin"
rvm_docs_type => ""
rvm_gemstone_package_file => ""
rvm_gemstone_url => ""
rvm_niceness => ""
rvm_nightly_flag => ""
rvm_path => "/home/snuck/.rvm"
rvm_prefix => "/home/snuck"
rvm_proxy => ""
rvm_quiet_flag => ""
rvm_ruby_file => ""
rvm_ruby_make => ""
rvm_ruby_make_install => ""
rvm_ruby_mode => ""
rvm_script_name => ""
rvm_sdk => ""
rvm_silent_flag => ""
rvm_version => "1.25.25 (stable)"
rvm_wrapper_name => ""

===== LOAD PATHS:

  0. /home/snuck/.rvm/gems/ruby-1.9.3-p362/gems/nanoc-3.6.11/lib
  1. /home/snuck/.rvm/gems/ruby-1.9.3-p362@global/extensions/x86_64-linux/1.9.1/executable-hooks-1.3.1
  2. /home/snuck/.rvm/gems/ruby-1.9.3-p362@global/gems/executable-hooks-1.3.1/lib
  3. /home/snuck/.rvm/gems/ruby-1.9.3-p362@global/gems/bundler-unload-1.0.2/lib
  4. /home/snuck/.rvm/gems/ruby-1.9.3-p362@global/gems/rubygems-bundler-1.4.2/lib
  5. /home/snuck/.rvm/gems/ruby-1.9.3-p362/gems/bundler-1.5.3/lib
  6. /home/snuck/.rvm/gems/ruby-1.9.3-p362/gems/colored-1.2/lib
  7. /home/snuck/.rvm/gems/ruby-1.9.3-p362/gems/cri-2.6.0/lib
  8. /home/snuck/.rvm/gems/ruby-1.9.3-p362/gems/nanoc-3.6.11/lib
  9. /home/snuck/.rvm/gems/ruby-1.9.3-p362/gems/kramdown-1.3.3/lib
  10. /home/snuck/.rvm/rubies/ruby-1.9.3-p362/lib/ruby/site_ruby/1.9.1
  11. /home/snuck/.rvm/rubies/ruby-1.9.3-p362/lib/ruby/site_ruby/1.9.1/x86_64-linux
  12. /home/snuck/.rvm/rubies/ruby-1.9.3-p362/lib/ruby/site_ruby
  13. /home/snuck/.rvm/rubies/ruby-1.9.3-p362/lib/ruby/vendor_ruby/1.9.1
  14. /home/snuck/.rvm/rubies/ruby-1.9.3-p362/lib/ruby/vendor_ruby/1.9.1/x86_64-linux
  15. /home/snuck/.rvm/rubies/ruby-1.9.3-p362/lib/ruby/vendor_ruby
  16. /home/snuck/.rvm/rubies/ruby-1.9.3-p362/lib/ruby/1.9.1
  17. /home/snuck/.rvm/rubies/ruby-1.9.3-p362/lib/ruby/1.9.1/x86_64-linux
